2025-10-06 00:02:10,315 - INFO - Succesfully read the YAML File
2025-10-06 00:02:10,315 - INFO - Loading data from RAW directory
2025-10-06 00:02:10,315 - INFO - Loading Data
2025-10-06 00:02:10,396 - INFO - Loading Data
2025-10-06 00:02:10,415 - INFO - Starting our Data Processing step
2025-10-06 00:02:10,416 - INFO - Dropping the columns
2025-10-06 00:02:10,447 - INFO - Applying Label Encoding
2025-10-06 00:02:10,467 - INFO - Label Mappings are : 
2025-10-06 00:02:10,467 - INFO - type_of_meal_plan : {'Meal Plan 1': np.int64(0), 'Meal Plan 2': np.int64(1), 'Meal Plan 3': np.int64(2), 'Not Selected': np.int64(3)}
2025-10-06 00:02:10,468 - INFO - required_car_parking_space : {np.int64(0): np.int64(0), np.int64(1): np.int64(1)}
2025-10-06 00:02:10,468 - INFO - room_type_reserved : {'Room_Type 1': np.int64(0), 'Room_Type 2': np.int64(1), 'Room_Type 3': np.int64(2), 'Room_Type 4': np.int64(3), 'Room_Type 5': np.int64(4), 'Room_Type 6': np.int64(5), 'Room_Type 7': np.int64(6)}
2025-10-06 00:02:10,468 - INFO - market_segment_type : {'Aviation': np.int64(0), 'Complementary': np.int64(1), 'Corporate': np.int64(2), 'Offline': np.int64(3), 'Online': np.int64(4)}
2025-10-06 00:02:10,468 - INFO - repeated_guest : {np.int64(0): np.int64(0), np.int64(1): np.int64(1)}
2025-10-06 00:02:10,468 - INFO - booking_status : {'Canceled': np.int64(0), 'Not_Canceled': np.int64(1)}
2025-10-06 00:02:10,468 - INFO - Doing Skewness HAndling
2025-10-06 00:02:10,472 - INFO - Starting our Data Processing step
2025-10-06 00:02:10,472 - INFO - Dropping the columns
2025-10-06 00:02:10,478 - INFO - Applying Label Encoding
2025-10-06 00:02:10,485 - INFO - Label Mappings are : 
2025-10-06 00:02:10,486 - INFO - type_of_meal_plan : {'Meal Plan 1': np.int64(0), 'Meal Plan 2': np.int64(1), 'Meal Plan 3': np.int64(2), 'Not Selected': np.int64(3)}
2025-10-06 00:02:10,486 - INFO - required_car_parking_space : {np.int64(0): np.int64(0), np.int64(1): np.int64(1)}
2025-10-06 00:02:10,486 - INFO - room_type_reserved : {'Room_Type 1': np.int64(0), 'Room_Type 2': np.int64(1), 'Room_Type 3': np.int64(2), 'Room_Type 4': np.int64(3), 'Room_Type 5': np.int64(4), 'Room_Type 6': np.int64(5), 'Room_Type 7': np.int64(6)}
2025-10-06 00:02:10,486 - INFO - market_segment_type : {'Aviation': np.int64(0), 'Complementary': np.int64(1), 'Corporate': np.int64(2), 'Offline': np.int64(3), 'Online': np.int64(4)}
2025-10-06 00:02:10,486 - INFO - repeated_guest : {np.int64(0): np.int64(0), np.int64(1): np.int64(1)}
2025-10-06 00:02:10,486 - INFO - booking_status : {'Canceled': np.int64(0), 'Not_Canceled': np.int64(1)}
2025-10-06 00:02:10,486 - INFO - Doing Skewness HAndling
2025-10-06 00:02:10,489 - INFO - Handling Imbalanced Data
2025-10-06 00:02:10,703 - INFO - Data balanced sucesffuly
2025-10-06 00:02:10,704 - INFO - Handling Imbalanced Data
2025-10-06 00:02:10,726 - INFO - Data balanced sucesffuly
2025-10-06 00:02:10,727 - INFO - Starting our Feature selection step
2025-10-06 00:02:13,590 - INFO - Features selected : ['lead_time' 'no_of_special_requests' 'avg_price_per_room' 'arrival_month'
 'arrival_date' 'market_segment_type' 'no_of_week_nights'
 'no_of_weekend_nights' 'room_type_reserved' 'type_of_meal_plan']
2025-10-06 00:02:13,592 - INFO - Feature slection completed sucesfully
2025-10-06 00:02:13,599 - INFO - Saving our data in processed folder
2025-10-06 00:02:13,673 - INFO - Data saved sucesfuly to artifacts/processed\processed_train.csv
2025-10-06 00:02:13,673 - INFO - Saving our data in processed folder
2025-10-06 00:02:13,695 - INFO - Data saved sucesfuly to artifacts/processed\processed_test.csv
2025-10-06 00:02:13,696 - INFO - Data processing completed sucesfully
